Analysis & Synthesis report for Exam
Wed Sep 27 16:58:06 2023
Quartus Prime Version 18.1.0 Build 625 09/12/2018 SJ Lite Edition


---------------------
; Table of Contents ;
---------------------
  1. Legal Notice
  2. Analysis & Synthesis Summary
  3. Analysis & Synthesis Settings
  4. Parallel Compilation
  5. Analysis & Synthesis Source Files Read
  6. Analysis & Synthesis Resource Usage Summary
  7. Analysis & Synthesis Resource Utilization by Entity
  8. General Register Statistics
  9. Port Connectivity Checks: "bcdtoX:add_instance|AND_2:AN"
 10. Port Connectivity Checks: "bcdtoX:add_instance|AdderSubtractor:dcd"
 11. Port Connectivity Checks: "bcdtoX:add_instance|AdderSubtractor:dsd"
 12. Post-Synthesis Netlist Statistics for Top Partition
 13. Elapsed Time Per Partition
 14. Analysis & Synthesis Messages



----------------
; Legal Notice ;
----------------
Copyright (C) 2018  Intel Corporation. All rights reserved.
Your use of Intel Corporation's design tools, logic functions 
and other software and tools, and its AMPP partner logic 
functions, and any output files from any of the foregoing 
(including device programming or simulation files), and any 
associated documentation or information are expressly subject 
to the terms and conditions of the Intel Program License 
Subscription Agreement, the Intel Quartus Prime License Agreement,
the Intel FPGA IP License Agreement, or other applicable license
agreement, including, without limitation, that your use is for
the sole purpose of programming logic devices manufactured by
Intel and sold by Intel or its authorized distributors.  Please
refer to the applicable agreement for further details.



+----------------------------------------------------------------------------------+
; Analysis & Synthesis Summary                                                     ;
+------------------------------------+---------------------------------------------+
; Analysis & Synthesis Status        ; Successful - Wed Sep 27 16:58:06 2023       ;
; Quartus Prime Version              ; 18.1.0 Build 625 09/12/2018 SJ Lite Edition ;
; Revision Name                      ; Exam                                        ;
; Top-level Entity Name              ; DUT                                         ;
; Family                             ; MAX 10                                      ;
; Total logic elements               ; 16                                          ;
;     Total combinational functions  ; 16                                          ;
;     Dedicated logic registers      ; 0                                           ;
; Total registers                    ; 0                                           ;
; Total pins                         ; 14                                          ;
; Total virtual pins                 ; 0                                           ;
; Total memory bits                  ; 0                                           ;
; Embedded Multiplier 9-bit elements ; 0                                           ;
; Total PLLs                         ; 0                                           ;
; UFM blocks                         ; 0                                           ;
; ADC blocks                         ; 0                                           ;
+------------------------------------+---------------------------------------------+


+------------------------------------------------------------------------------------------------------------+
; Analysis & Synthesis Settings                                                                              ;
+------------------------------------------------------------------+--------------------+--------------------+
; Option                                                           ; Setting            ; Default Value      ;
+------------------------------------------------------------------+--------------------+--------------------+
; Device                                                           ; 10M25SAE144C8G     ;                    ;
; Top-level entity name                                            ; DUT                ; Exam               ;
; Family name                                                      ; MAX 10             ; Cyclone V          ;
; Use smart compilation                                            ; Off                ; Off                ;
; Enable parallel Assembler and Timing Analyzer during compilation ; On                 ; On                 ;
; Enable compact report table                                      ; Off                ; Off                ;
; Restructure Multiplexers                                         ; Auto               ; Auto               ;
; Create Debugging Nodes for IP Cores                              ; Off                ; Off                ;
; Preserve fewer node names                                        ; On                 ; On                 ;
; Intel FPGA IP Evaluation Mode                                    ; Enable             ; Enable             ;
; Verilog Version                                                  ; Verilog_2001       ; Verilog_2001       ;
; VHDL Version                                                     ; VHDL_1993          ; VHDL_1993          ;
; State Machine Processing                                         ; Auto               ; Auto               ;
; Safe State Machine                                               ; Off                ; Off                ;
; Extract Verilog State Machines                                   ; On                 ; On                 ;
; Extract VHDL State Machines                                      ; On                 ; On                 ;
; Ignore Verilog initial constructs                                ; Off                ; Off                ;
; Iteration limit for constant Verilog loops                       ; 5000               ; 5000               ;
; Iteration limit for non-constant Verilog loops                   ; 250                ; 250                ;
; Add Pass-Through Logic to Inferred RAMs                          ; On                 ; On                 ;
; Infer RAMs from Raw Logic                                        ; On                 ; On                 ;
; Parallel Synthesis                                               ; On                 ; On                 ;
; DSP Block Balancing                                              ; Auto               ; Auto               ;
; NOT Gate Push-Back                                               ; On                 ; On                 ;
; Power-Up Don't Care                                              ; On                 ; On                 ;
; Remove Redundant Logic Cells                                     ; Off                ; Off                ;
; Remove Duplicate Registers                                       ; On                 ; On                 ;
; Ignore CARRY Buffers                                             ; Off                ; Off                ;
; Ignore CASCADE Buffers                                           ; Off                ; Off                ;
; Ignore GLOBAL Buffers                                            ; Off                ; Off                ;
; Ignore ROW GLOBAL Buffers                                        ; Off                ; Off                ;
; Ignore LCELL Buffers                                             ; Off                ; Off                ;
; Ignore SOFT Buffers                                              ; On                 ; On                 ;
; Limit AHDL Integers to 32 Bits                                   ; Off                ; Off                ;
; Optimization Technique                                           ; Balanced           ; Balanced           ;
; Carry Chain Length                                               ; 70                 ; 70                 ;
; Auto Carry Chains                                                ; On                 ; On                 ;
; Auto Open-Drain Pins                                             ; On                 ; On                 ;
; Perform WYSIWYG Primitive Resynthesis                            ; Off                ; Off                ;
; Auto ROM Replacement                                             ; On                 ; On                 ;
; Auto RAM Replacement                                             ; On                 ; On                 ;
; Auto DSP Block Replacement                                       ; On                 ; On                 ;
; Auto Shift Register Replacement                                  ; Auto               ; Auto               ;
; Allow Shift Register Merging across Hierarchies                  ; Auto               ; Auto               ;
; Auto Clock Enable Replacement                                    ; On                 ; On                 ;
; Strict RAM Replacement                                           ; Off                ; Off                ;
; Allow Synchronous Control Signals                                ; On                 ; On                 ;
; Force Use of Synchronous Clear Signals                           ; Off                ; Off                ;
; Auto RAM Block Balancing                                         ; On                 ; On                 ;
; Auto RAM to Logic Cell Conversion                                ; Off                ; Off                ;
; Auto Resource Sharing                                            ; Off                ; Off                ;
; Allow Any RAM Size For Recognition                               ; Off                ; Off                ;
; Allow Any ROM Size For Recognition                               ; Off                ; Off                ;
; Allow Any Shift Register Size For Recognition                    ; Off                ; Off                ;
; Use LogicLock Constraints during Resource Balancing              ; On                 ; On                 ;
; Ignore translate_off and synthesis_off directives                ; Off                ; Off                ;
; Timing-Driven Synthesis                                          ; On                 ; On                 ;
; Report Parameter Settings                                        ; On                 ; On                 ;
; Report Source Assignments                                        ; On                 ; On                 ;
; Report Connectivity Checks                                       ; On                 ; On                 ;
; Ignore Maximum Fan-Out Assignments                               ; Off                ; Off                ;
; Synchronization Register Chain Length                            ; 2                  ; 2                  ;
; Power Optimization During Synthesis                              ; Normal compilation ; Normal compilation ;
; HDL message level                                                ; Level2             ; Level2             ;
; Suppress Register Optimization Related Messages                  ; Off                ; Off                ;
; Number of Removed Registers Reported in Synthesis Report         ; 5000               ; 5000               ;
; Number of Swept Nodes Reported in Synthesis Report               ; 5000               ; 5000               ;
; Number of Inverted Registers Reported in Synthesis Report        ; 100                ; 100                ;
; Clock MUX Protection                                             ; On                 ; On                 ;
; Auto Gated Clock Conversion                                      ; Off                ; Off                ;
; Block Design Naming                                              ; Auto               ; Auto               ;
; SDC constraint protection                                        ; Off                ; Off                ;
; Synthesis Effort                                                 ; Auto               ; Auto               ;
; Shift Register Replacement - Allow Asynchronous Clear Signal     ; On                 ; On                 ;
; Pre-Mapping Resynthesis Optimization                             ; Off                ; Off                ;
; Analysis & Synthesis Message Level                               ; Medium             ; Medium             ;
; Disable Register Merging Across Hierarchies                      ; Auto               ; Auto               ;
; Resource Aware Inference For Block RAM                           ; On                 ; On                 ;
+------------------------------------------------------------------+--------------------+--------------------+


+------------------------------------------+
; Parallel Compilation                     ;
+----------------------------+-------------+
; Processors                 ; Number      ;
+----------------------------+-------------+
; Number detected on machine ; 20          ;
; Maximum allowed            ; 14          ;
;                            ;             ;
; Average used               ; 1.00        ;
; Maximum used               ; 1           ;
;                            ;             ;
; Usage by Processor         ; % Time Used ;
;     Processor 1            ; 100.0%      ;
+----------------------------+-------------+


+---------------------------------------------------------------------------------------------------------------------------------------------------------------------------------------------------------------+
; Analysis & Synthesis Source Files Read                                                                                                                                                                        ;
+----------------------------------+-----------------+-----------------+------------------------------------------------------------------------------------------------------------------------------+---------+
; File Name with User-Entered Path ; Used in Netlist ; File Type       ; File Name with Absolute Path                                                                                                 ; Library ;
+----------------------------------+-----------------+-----------------+------------------------------------------------------------------------------------------------------------------------------+---------+
; FullAdder.vhdl                   ; yes             ; User VHDL File  ; C:/Users/Hardik Gohil/OneDrive - Indian Institute of Technology Bombay/Study/Digital Lab/Practice/Exam/FullAdder.vhdl        ;         ;
; XOR_GATE.vhdl                    ; yes             ; User VHDL File  ; C:/Users/Hardik Gohil/OneDrive - Indian Institute of Technology Bombay/Study/Digital Lab/Practice/Exam/XOR_GATE.vhdl         ;         ;
; Adder-Subtractor.vhdl            ; yes             ; User VHDL File  ; C:/Users/Hardik Gohil/OneDrive - Indian Institute of Technology Bombay/Study/Digital Lab/Practice/Exam/Adder-Subtractor.vhdl ;         ;
; Gates.vhdl                       ; yes             ; User VHDL File  ; C:/Users/Hardik Gohil/OneDrive - Indian Institute of Technology Bombay/Study/Digital Lab/Practice/Exam/Gates.vhdl            ;         ;
; DUT.vhdl                         ; yes             ; User VHDL File  ; C:/Users/Hardik Gohil/OneDrive - Indian Institute of Technology Bombay/Study/Digital Lab/Practice/Exam/DUT.vhdl              ;         ;
; Exam.vhdl                        ; yes             ; User VHDL File  ; C:/Users/Hardik Gohil/OneDrive - Indian Institute of Technology Bombay/Study/Digital Lab/Practice/Exam/Exam.vhdl             ;         ;
+----------------------------------+-----------------+-----------------+------------------------------------------------------------------------------------------------------------------------------+---------+


+---------------------------------------------------------------------+
; Analysis & Synthesis Resource Usage Summary                         ;
+---------------------------------------------+-----------------------+
; Resource                                    ; Usage                 ;
+---------------------------------------------+-----------------------+
; Estimated Total logic elements              ; 16                    ;
;                                             ;                       ;
; Total combinational functions               ; 16                    ;
; Logic element usage by number of LUT inputs ;                       ;
;     -- 4 input functions                    ; 10                    ;
;     -- 3 input functions                    ; 5                     ;
;     -- <=2 input functions                  ; 1                     ;
;                                             ;                       ;
; Logic elements by mode                      ;                       ;
;     -- normal mode                          ; 16                    ;
;     -- arithmetic mode                      ; 0                     ;
;                                             ;                       ;
; Total registers                             ; 0                     ;
;     -- Dedicated logic registers            ; 0                     ;
;     -- I/O registers                        ; 0                     ;
;                                             ;                       ;
; I/O pins                                    ; 14                    ;
;                                             ;                       ;
; Embedded Multiplier 9-bit elements          ; 0                     ;
;                                             ;                       ;
; Maximum fan-out node                        ; input_vector[5]~input ;
; Maximum fan-out                             ; 7                     ;
; Total fan-out                               ; 75                    ;
; Average fan-out                             ; 1.70                  ;
+---------------------------------------------+-----------------------+


+-------------------------------------------------------------------------------------------------------------------------------------------------------------------------------------------------------------------------------------------------------------------------------------------+
; Analysis & Synthesis Resource Utilization by Entity                                                                                                                                                                                                                                       ;
+-----------------------------+---------------------+---------------------------+-------------+------------+--------------+---------+-----------+------+--------------+------------+-----------------------------------------------------------------------+-----------------+--------------+
; Compilation Hierarchy Node  ; Combinational ALUTs ; Dedicated Logic Registers ; Memory Bits ; UFM Blocks ; DSP Elements ; DSP 9x9 ; DSP 18x18 ; Pins ; Virtual Pins ; ADC blocks ; Full Hierarchy Name                                                   ; Entity Name     ; Library Name ;
+-----------------------------+---------------------+---------------------------+-------------+------------+--------------+---------+-----------+------+--------------+------------+-----------------------------------------------------------------------+-----------------+--------------+
; |DUT                        ; 16 (0)              ; 0 (0)                     ; 0           ; 0          ; 0            ; 0       ; 0         ; 14   ; 0            ; 0          ; |DUT                                                                  ; DUT             ; work         ;
;    |bcdtoX:add_instance|    ; 16 (6)              ; 0 (0)                     ; 0           ; 0          ; 0            ; 0       ; 0         ; 0    ; 0            ; 0          ; |DUT|bcdtoX:add_instance                                              ; bcdtoX          ; work         ;
;       |AdderSubtractor:dcd| ; 4 (0)               ; 0 (0)                     ; 0           ; 0          ; 0            ; 0       ; 0         ; 0    ; 0            ; 0          ; |DUT|bcdtoX:add_instance|AdderSubtractor:dcd                          ; AdderSubtractor ; work         ;
;          |F_ADDER:F3|       ; 2 (0)               ; 0 (0)                     ; 0           ; 0          ; 0            ; 0       ; 0         ; 0    ; 0            ; 0          ; |DUT|bcdtoX:add_instance|AdderSubtractor:dcd|F_ADDER:F3               ; F_ADDER         ; work         ;
;             |NAND_2:NAND8|  ; 2 (2)               ; 0 (0)                     ; 0           ; 0          ; 0            ; 0       ; 0         ; 0    ; 0            ; 0          ; |DUT|bcdtoX:add_instance|AdderSubtractor:dcd|F_ADDER:F3|NAND_2:NAND8  ; NAND_2          ; work         ;
;          |F_ADDER:F4|       ; 2 (0)               ; 0 (0)                     ; 0           ; 0          ; 0            ; 0       ; 0         ; 0    ; 0            ; 0          ; |DUT|bcdtoX:add_instance|AdderSubtractor:dcd|F_ADDER:F4               ; F_ADDER         ; work         ;
;             |NAND_2:NAND8|  ; 2 (2)               ; 0 (0)                     ; 0           ; 0          ; 0            ; 0       ; 0         ; 0    ; 0            ; 0          ; |DUT|bcdtoX:add_instance|AdderSubtractor:dcd|F_ADDER:F4|NAND_2:NAND8  ; NAND_2          ; work         ;
;       |AdderSubtractor:dsd| ; 6 (0)               ; 0 (0)                     ; 0           ; 0          ; 0            ; 0       ; 0         ; 0    ; 0            ; 0          ; |DUT|bcdtoX:add_instance|AdderSubtractor:dsd                          ; AdderSubtractor ; work         ;
;          |F_ADDER:F1|       ; 2 (0)               ; 0 (0)                     ; 0           ; 0          ; 0            ; 0       ; 0         ; 0    ; 0            ; 0          ; |DUT|bcdtoX:add_instance|AdderSubtractor:dsd|F_ADDER:F1               ; F_ADDER         ; work         ;
;             |NAND_2:NAND8|  ; 1 (1)               ; 0 (0)                     ; 0           ; 0          ; 0            ; 0       ; 0         ; 0    ; 0            ; 0          ; |DUT|bcdtoX:add_instance|AdderSubtractor:dsd|F_ADDER:F1|NAND_2:NAND8  ; NAND_2          ; work         ;
;             |NAND_2:NAND9|  ; 1 (1)               ; 0 (0)                     ; 0           ; 0          ; 0            ; 0       ; 0         ; 0    ; 0            ; 0          ; |DUT|bcdtoX:add_instance|AdderSubtractor:dsd|F_ADDER:F1|NAND_2:NAND9  ; NAND_2          ; work         ;
;          |F_ADDER:F2|       ; 2 (0)               ; 0 (0)                     ; 0           ; 0          ; 0            ; 0       ; 0         ; 0    ; 0            ; 0          ; |DUT|bcdtoX:add_instance|AdderSubtractor:dsd|F_ADDER:F2               ; F_ADDER         ; work         ;
;             |NAND_2:NAND8|  ; 1 (1)               ; 0 (0)                     ; 0           ; 0          ; 0            ; 0       ; 0         ; 0    ; 0            ; 0          ; |DUT|bcdtoX:add_instance|AdderSubtractor:dsd|F_ADDER:F2|NAND_2:NAND8  ; NAND_2          ; work         ;
;             |NAND_2:NAND9|  ; 1 (1)               ; 0 (0)                     ; 0           ; 0          ; 0            ; 0       ; 0         ; 0    ; 0            ; 0          ; |DUT|bcdtoX:add_instance|AdderSubtractor:dsd|F_ADDER:F2|NAND_2:NAND9  ; NAND_2          ; work         ;
;          |F_ADDER:F3|       ; 1 (0)               ; 0 (0)                     ; 0           ; 0          ; 0            ; 0       ; 0         ; 0    ; 0            ; 0          ; |DUT|bcdtoX:add_instance|AdderSubtractor:dsd|F_ADDER:F3               ; F_ADDER         ; work         ;
;             |NAND_2:NAND4|  ; 1 (1)               ; 0 (0)                     ; 0           ; 0          ; 0            ; 0       ; 0         ; 0    ; 0            ; 0          ; |DUT|bcdtoX:add_instance|AdderSubtractor:dsd|F_ADDER:F3|NAND_2:NAND4  ; NAND_2          ; work         ;
;          |XOR_GATE:X2|      ; 1 (0)               ; 0 (0)                     ; 0           ; 0          ; 0            ; 0       ; 0         ; 0    ; 0            ; 0          ; |DUT|bcdtoX:add_instance|AdderSubtractor:dsd|XOR_GATE:X2              ; XOR_GATE        ; work         ;
;             |NAND_2:NAND4|  ; 1 (1)               ; 0 (0)                     ; 0           ; 0          ; 0            ; 0       ; 0         ; 0    ; 0            ; 0          ; |DUT|bcdtoX:add_instance|AdderSubtractor:dsd|XOR_GATE:X2|NAND_2:NAND4 ; NAND_2          ; work         ;
+-----------------------------+---------------------+---------------------------+-------------+------------+--------------+---------+-----------+------+--------------+------------+-----------------------------------------------------------------------+-----------------+--------------+
Note: For table entries with two numbers listed, the numbers in parentheses indicate the number of resources of the given type used by the specific entity alone. The numbers listed outside of parentheses indicate the total resources of the given type used by the specific entity and all of its sub-entities in the hierarchy.


+------------------------------------------------------+
; General Register Statistics                          ;
+----------------------------------------------+-------+
; Statistic                                    ; Value ;
+----------------------------------------------+-------+
; Total registers                              ; 0     ;
; Number of registers using Synchronous Clear  ; 0     ;
; Number of registers using Synchronous Load   ; 0     ;
; Number of registers using Asynchronous Clear ; 0     ;
; Number of registers using Asynchronous Load  ; 0     ;
; Number of registers using Clock Enable       ; 0     ;
; Number of registers using Preset             ; 0     ;
+----------------------------------------------+-------+


+----------------------------------------------------------+
; Port Connectivity Checks: "bcdtoX:add_instance|AND_2:AN" ;
+------+-------+----------+--------------------------------+
; Port ; Type  ; Severity ; Details                        ;
+------+-------+----------+--------------------------------+
; a    ; Input ; Info     ; Stuck at GND                   ;
; b    ; Input ; Info     ; Stuck at GND                   ;
+------+-------+----------+--------------------------------+


+----------------------------------------------------------------------------------------------------------------+
; Port Connectivity Checks: "bcdtoX:add_instance|AdderSubtractor:dcd"                                            ;
+------+--------+----------+-------------------------------------------------------------------------------------+
; Port ; Type   ; Severity ; Details                                                                             ;
+------+--------+----------+-------------------------------------------------------------------------------------+
; b0   ; Input  ; Info     ; Stuck at GND                                                                        ;
; b1   ; Input  ; Info     ; Stuck at VCC                                                                        ;
; b2   ; Input  ; Info     ; Stuck at VCC                                                                        ;
; b3   ; Input  ; Info     ; Stuck at GND                                                                        ;
; m    ; Input  ; Info     ; Stuck at VCC                                                                        ;
; cout ; Output ; Info     ; Connected to dangling logic. Logic that only feeds a dangling port will be removed. ;
+------+--------+----------+-------------------------------------------------------------------------------------+


+----------------------------------------------------------------------------------------------------------------+
; Port Connectivity Checks: "bcdtoX:add_instance|AdderSubtractor:dsd"                                            ;
+------+--------+----------+-------------------------------------------------------------------------------------+
; Port ; Type   ; Severity ; Details                                                                             ;
+------+--------+----------+-------------------------------------------------------------------------------------+
; cout ; Output ; Info     ; Connected to dangling logic. Logic that only feeds a dangling port will be removed. ;
+------+--------+----------+-------------------------------------------------------------------------------------+


+-----------------------------------------------------+
; Post-Synthesis Netlist Statistics for Top Partition ;
+-----------------------+-----------------------------+
; Type                  ; Count                       ;
+-----------------------+-----------------------------+
; boundary_port         ; 14                          ;
; cycloneiii_lcell_comb ; 18                          ;
;     normal            ; 18                          ;
;         0 data inputs ; 1                           ;
;         1 data inputs ; 1                           ;
;         2 data inputs ; 1                           ;
;         3 data inputs ; 5                           ;
;         4 data inputs ; 10                          ;
;                       ;                             ;
; Max LUT depth         ; 5.00                        ;
; Average LUT depth     ; 3.93                        ;
+-----------------------+-----------------------------+


+-------------------------------+
; Elapsed Time Per Partition    ;
+----------------+--------------+
; Partition Name ; Elapsed Time ;
+----------------+--------------+
; Top            ; 00:00:00     ;
+----------------+--------------+


+-------------------------------+
; Analysis & Synthesis Messages ;
+-------------------------------+
Info: *******************************************************************
Info: Running Quartus Prime Analysis & Synthesis
    Info: Version 18.1.0 Build 625 09/12/2018 SJ Lite Edition
    Info: Processing started: Wed Sep 27 16:57:59 2023
Info: Command: quartus_map --read_settings_files=on --write_settings_files=off Exam -c Exam
Warning (18236): Number of processors has not been specified which may cause overloading on shared machines.  Set the global assignment NUM_PARALLEL_PROCESSORS in your QSF to an appropriate value for best performance.
Info (20030): Parallel compilation is enabled and will use 14 of the 14 processors detected
Info (12021): Found 2 design units, including 1 entities, in source file fulladder.vhdl
    Info (12022): Found design unit 1: F_ADDER-Struct File: C:/Users/Hardik Gohil/OneDrive - Indian Institute of Technology Bombay/Study/Digital Lab/Practice/Exam/FullAdder.vhdl Line: 10
    Info (12023): Found entity 1: F_ADDER File: C:/Users/Hardik Gohil/OneDrive - Indian Institute of Technology Bombay/Study/Digital Lab/Practice/Exam/FullAdder.vhdl Line: 6
Info (12021): Found 2 design units, including 1 entities, in source file xor_gate.vhdl
    Info (12022): Found design unit 1: XOR_GATE-Struct File: C:/Users/Hardik Gohil/OneDrive - Indian Institute of Technology Bombay/Study/Digital Lab/Practice/Exam/XOR_GATE.vhdl Line: 10
    Info (12023): Found entity 1: XOR_GATE File: C:/Users/Hardik Gohil/OneDrive - Indian Institute of Technology Bombay/Study/Digital Lab/Practice/Exam/XOR_GATE.vhdl Line: 6
Info (12021): Found 2 design units, including 1 entities, in source file adder-subtractor.vhdl
    Info (12022): Found design unit 1: AdderSubtractor-struct File: C:/Users/Hardik Gohil/OneDrive - Indian Institute of Technology Bombay/Study/Digital Lab/Practice/Exam/Adder-Subtractor.vhdl Line: 10
    Info (12023): Found entity 1: AdderSubtractor File: C:/Users/Hardik Gohil/OneDrive - Indian Institute of Technology Bombay/Study/Digital Lab/Practice/Exam/Adder-Subtractor.vhdl Line: 5
Info (12021): Found 2 design units, including 1 entities, in source file testbench.vhdl
    Info (12022): Found design unit 1: Testbench-Behave File: C:/Users/Hardik Gohil/OneDrive - Indian Institute of Technology Bombay/Study/Digital Lab/Practice/Exam/Testbench.vhdl Line: 9
    Info (12023): Found entity 1: Testbench File: C:/Users/Hardik Gohil/OneDrive - Indian Institute of Technology Bombay/Study/Digital Lab/Practice/Exam/Testbench.vhdl Line: 7
Info (12021): Found 17 design units, including 8 entities, in source file gates.vhdl
    Info (12022): Found design unit 1: Gates File: C:/Users/Hardik Gohil/OneDrive - Indian Institute of Technology Bombay/Study/Digital Lab/Practice/Exam/Gates.vhdl Line: 3
    Info (12022): Found design unit 2: INVERTER-Equations File: C:/Users/Hardik Gohil/OneDrive - Indian Institute of Technology Bombay/Study/Digital Lab/Practice/Exam/Gates.vhdl Line: 45
    Info (12022): Found design unit 3: AND_2-Equations File: C:/Users/Hardik Gohil/OneDrive - Indian Institute of Technology Bombay/Study/Digital Lab/Practice/Exam/Gates.vhdl Line: 57
    Info (12022): Found design unit 4: NAND_2-Equations File: C:/Users/Hardik Gohil/OneDrive - Indian Institute of Technology Bombay/Study/Digital Lab/Practice/Exam/Gates.vhdl Line: 68
    Info (12022): Found design unit 5: OR_2-Equations File: C:/Users/Hardik Gohil/OneDrive - Indian Institute of Technology Bombay/Study/Digital Lab/Practice/Exam/Gates.vhdl Line: 79
    Info (12022): Found design unit 6: NOR_2-Equations File: C:/Users/Hardik Gohil/OneDrive - Indian Institute of Technology Bombay/Study/Digital Lab/Practice/Exam/Gates.vhdl Line: 90
    Info (12022): Found design unit 7: XOR_2-Equations File: C:/Users/Hardik Gohil/OneDrive - Indian Institute of Technology Bombay/Study/Digital Lab/Practice/Exam/Gates.vhdl Line: 102
    Info (12022): Found design unit 8: XNOR_2-Equations File: C:/Users/Hardik Gohil/OneDrive - Indian Institute of Technology Bombay/Study/Digital Lab/Practice/Exam/Gates.vhdl Line: 113
    Info (12022): Found design unit 9: HALF_ADDER-Equations File: C:/Users/Hardik Gohil/OneDrive - Indian Institute of Technology Bombay/Study/Digital Lab/Practice/Exam/Gates.vhdl Line: 124
    Info (12023): Found entity 1: INVERTER File: C:/Users/Hardik Gohil/OneDrive - Indian Institute of Technology Bombay/Study/Digital Lab/Practice/Exam/Gates.vhdl Line: 41
    Info (12023): Found entity 2: AND_2 File: C:/Users/Hardik Gohil/OneDrive - Indian Institute of Technology Bombay/Study/Digital Lab/Practice/Exam/Gates.vhdl Line: 53
    Info (12023): Found entity 3: NAND_2 File: C:/Users/Hardik Gohil/OneDrive - Indian Institute of Technology Bombay/Study/Digital Lab/Practice/Exam/Gates.vhdl Line: 64
    Info (12023): Found entity 4: OR_2 File: C:/Users/Hardik Gohil/OneDrive - Indian Institute of Technology Bombay/Study/Digital Lab/Practice/Exam/Gates.vhdl Line: 75
    Info (12023): Found entity 5: NOR_2 File: C:/Users/Hardik Gohil/OneDrive - Indian Institute of Technology Bombay/Study/Digital Lab/Practice/Exam/Gates.vhdl Line: 86
    Info (12023): Found entity 6: XOR_2 File: C:/Users/Hardik Gohil/OneDrive - Indian Institute of Technology Bombay/Study/Digital Lab/Practice/Exam/Gates.vhdl Line: 98
    Info (12023): Found entity 7: XNOR_2 File: C:/Users/Hardik Gohil/OneDrive - Indian Institute of Technology Bombay/Study/Digital Lab/Practice/Exam/Gates.vhdl Line: 109
    Info (12023): Found entity 8: HALF_ADDER File: C:/Users/Hardik Gohil/OneDrive - Indian Institute of Technology Bombay/Study/Digital Lab/Practice/Exam/Gates.vhdl Line: 120
Info (12021): Found 2 design units, including 1 entities, in source file dut.vhdl
    Info (12022): Found design unit 1: DUT-DutWrap File: C:/Users/Hardik Gohil/OneDrive - Indian Institute of Technology Bombay/Study/Digital Lab/Practice/Exam/DUT.vhdl Line: 13
    Info (12023): Found entity 1: DUT File: C:/Users/Hardik Gohil/OneDrive - Indian Institute of Technology Bombay/Study/Digital Lab/Practice/Exam/DUT.vhdl Line: 8
Info (12021): Found 2 design units, including 1 entities, in source file exam.vhdl
    Info (12022): Found design unit 1: bcdtoX-struct File: C:/Users/Hardik Gohil/OneDrive - Indian Institute of Technology Bombay/Study/Digital Lab/Practice/Exam/Exam.vhdl Line: 10
    Info (12023): Found entity 1: bcdtoX File: C:/Users/Hardik Gohil/OneDrive - Indian Institute of Technology Bombay/Study/Digital Lab/Practice/Exam/Exam.vhdl Line: 6
Info (12127): Elaborating entity "DUT" for the top level hierarchy
Info (12128): Elaborating entity "bcdtoX" for hierarchy "bcdtoX:add_instance" File: C:/Users/Hardik Gohil/OneDrive - Indian Institute of Technology Bombay/Study/Digital Lab/Practice/Exam/DUT.vhdl Line: 22
Info (12128): Elaborating entity "AdderSubtractor" for hierarchy "bcdtoX:add_instance|AdderSubtractor:dsd" File: C:/Users/Hardik Gohil/OneDrive - Indian Institute of Technology Bombay/Study/Digital Lab/Practice/Exam/Exam.vhdl Line: 28
Info (12128): Elaborating entity "XOR_GATE" for hierarchy "bcdtoX:add_instance|AdderSubtractor:dsd|XOR_GATE:X1" File: C:/Users/Hardik Gohil/OneDrive - Indian Institute of Technology Bombay/Study/Digital Lab/Practice/Exam/Adder-Subtractor.vhdl Line: 22
Info (12128): Elaborating entity "NAND_2" for hierarchy "bcdtoX:add_instance|AdderSubtractor:dsd|XOR_GATE:X1|NAND_2:NAND1" File: C:/Users/Hardik Gohil/OneDrive - Indian Institute of Technology Bombay/Study/Digital Lab/Practice/Exam/XOR_GATE.vhdl Line: 13
Info (12128): Elaborating entity "F_ADDER" for hierarchy "bcdtoX:add_instance|AdderSubtractor:dsd|F_ADDER:F1" File: C:/Users/Hardik Gohil/OneDrive - Indian Institute of Technology Bombay/Study/Digital Lab/Practice/Exam/Adder-Subtractor.vhdl Line: 26
Info (12128): Elaborating entity "AND_2" for hierarchy "bcdtoX:add_instance|AND_2:AN" File: C:/Users/Hardik Gohil/OneDrive - Indian Institute of Technology Bombay/Study/Digital Lab/Practice/Exam/Exam.vhdl Line: 30
Warning (13024): Output pins are stuck at VCC or GND
    Warning (13410): Pin "output_vector[4]" is stuck at GND File: C:/Users/Hardik Gohil/OneDrive - Indian Institute of Technology Bombay/Study/Digital Lab/Practice/Exam/DUT.vhdl Line: 10
Info (286030): Timing-Driven Synthesis is running
Info (16010): Generating hard_block partition "hard_block:auto_generated_inst"
    Info (16011): Adding 0 node(s), including 0 DDIO, 0 PLL, 0 transceiver and 0 LCELL
Info (21057): Implemented 30 device resources after synthesis - the final resource count might be different
    Info (21058): Implemented 9 input pins
    Info (21059): Implemented 5 output pins
    Info (21061): Implemented 16 logic cells
Info: Quartus Prime Analysis & Synthesis was successful. 0 errors, 3 warnings
    Info: Peak virtual memory: 4797 megabytes
    Info: Processing ended: Wed Sep 27 16:58:06 2023
    Info: Elapsed time: 00:00:07
    Info: Total CPU time (on all processors): 00:00:04


